<?xml version="1.0" encoding="UTF-8"?>
<testng-results skipped="0" failed="0" total="1" passed="1">
  <reporter-output>
    <line>
      <![CDATA[testApp    Test started]]>
    </line>
  </reporter-output>
  <suite name="Default suite" duration-ms="116461" started-at="2018-03-03T22:22:21Z" finished-at="2018-03-03T22:24:18Z">
    <groups>
    </groups>
    <test name="Default test" duration-ms="116461" started-at="2018-03-03T22:22:21Z" finished-at="2018-03-03T22:24:18Z">
      <class name="company.saifPro.Tests.AppTest2">
        <test-method status="PASS" signature="launchBrowser()" name="launchBrowser" is-config="true" duration-ms="91555" started-at="2018-03-03T22:22:21Z" finished-at="2018-03-03T22:23:53Z">
        </test-method>
        <test-method status="PASS" signature="beforeMethod(java.lang.reflect.Method)" name="beforeMethod" is-config="true" duration-ms="31" started-at="2018-03-03T22:23:53Z" finished-at="2018-03-03T22:23:53Z">
          <params>
            <param index="0">
              <value>
                <![CDATA[public void company.saifPro.Tests.AppTest2.testApp()]]>
              </value>
            </param>
          </params>
        </test-method>
        <test-method status="PASS" signature="testApp()" name="testApp" duration-ms="44" started-at="2018-03-03T22:23:53Z" finished-at="2018-03-03T22:23:53Z">
        </test-method>
        <test-method status="PASS" signature="afterMethod(org.testng.ITestResult)" name="afterMethod" is-config="true" duration-ms="2" started-at="2018-03-03T22:23:53Z" finished-at="2018-03-03T22:23:53Z">
          <params>
            <param index="0">
              <value>
                <![CDATA[[TestResult: testApp STATUS:SUCCESS METHOD:company.saifPro.Tests.AppTest2.testApp()]
]]>
              </value>
            </param>
          </params>
        </test-method>
        <test-method status="PASS" signature="endTest()" name="endTest" is-config="true" duration-ms="24723" started-at="2018-03-03T22:23:53Z" finished-at="2018-03-03T22:24:18Z">
        </test-method>
      </class>
    </test>
  </suite>
</testng-results>
